{"/Users/sergiojavierre/Desktop/nodeJest/index.js": {"path":"/Users/sergiojavierre/Desktop/nodeJest/index.js","statementMap":{"0":{"start":{"line":5,"column":0},"end":{"line":5,"column":16}},"1":{"start":{"line":7,"column":12},"end":{"line":7,"column":21}},"2":{"start":{"line":8,"column":0},"end":{"line":8,"column":24}},"3":{"start":{"line":10,"column":13},"end":{"line":10,"column":37}},"4":{"start":{"line":14,"column":0},"end":{"line":14,"column":39}},"5":{"start":{"line":16,"column":0},"end":{"line":19,"column":3}},"6":{"start":{"line":17,"column":2},"end":{"line":18,"column":45}},"7":{"start":{"line":18,"column":4},"end":{"line":18,"column":45}}},"fnMap":{"0":{"name":"(anonymous_0)","decl":{"start":{"line":16,"column":17},"end":{"line":16,"column":18}},"loc":{"start":{"line":16,"column":23},"end":{"line":19,"column":1}},"line":16}},"branchMap":{"0":{"loc":{"start":{"line":10,"column":13},"end":{"line":10,"column":37}},"type":"binary-expr","locations":[{"start":{"line":10,"column":13},"end":{"line":10,"column":29}},{"start":{"line":10,"column":33},"end":{"line":10,"column":37}}],"line":10},"1":{"loc":{"start":{"line":17,"column":2},"end":{"line":18,"column":45}},"type":"if","locations":[{"start":{"line":17,"column":2},"end":{"line":18,"column":45}},{"start":{},"end":{}}],"line":17}},"s":{"0":1,"1":1,"2":1,"3":1,"4":1,"5":1,"6":1,"7":0},"f":{"0":1},"b":{"0":[1,0],"1":[0,1]},"_coverageSchema":"1a1c01bbd47fc00a2c39e90264f33305004495a9","hash":"eb3bf3af56bd28edc3cdf4ead9477fb4f329d5e4"}
,"/Users/sergiojavierre/Desktop/nodeJest/controllers/caramelos.controller.js": {"path":"/Users/sergiojavierre/Desktop/nodeJest/controllers/caramelos.controller.js","statementMap":{"0":{"start":{"line":3,"column":12},"end":{"line":5,"column":1}},"1":{"start":{"line":4,"column":4},"end":{"line":4,"column":23}}},"fnMap":{"0":{"name":"(anonymous_0)","decl":{"start":{"line":3,"column":12},"end":{"line":3,"column":13}},"loc":{"start":{"line":3,"column":26},"end":{"line":5,"column":1}},"line":3}},"branchMap":{},"s":{"0":1,"1":1},"f":{"0":1},"b":{},"_coverageSchema":"1a1c01bbd47fc00a2c39e90264f33305004495a9","hash":"a7f0e171a8129e121a5f4b11e9ae99b223205ef8"}
,"/Users/sergiojavierre/Desktop/nodeJest/data/caramelos.js": {"path":"/Users/sergiojavierre/Desktop/nodeJest/data/caramelos.js","statementMap":{"0":{"start":{"line":1,"column":25},"end":{"line":10,"column":1}}},"fnMap":{},"branchMap":{},"s":{"0":1},"f":{},"b":{},"_coverageSchema":"1a1c01bbd47fc00a2c39e90264f33305004495a9","hash":"c8d5efaee86615a3d102b12053cb57a25da6bc46"}
,"/Users/sergiojavierre/Desktop/nodeJest/routers/caramelos.router.js": {"path":"/Users/sergiojavierre/Desktop/nodeJest/routers/caramelos.router.js","statementMap":{"0":{"start":{"line":3,"column":15},"end":{"line":3,"column":31}},"1":{"start":{"line":7,"column":0},"end":{"line":7,"column":32}}},"fnMap":{},"branchMap":{},"s":{"0":1,"1":1},"f":{},"b":{},"_coverageSchema":"1a1c01bbd47fc00a2c39e90264f33305004495a9","hash":"127c73f4c63d1ad5298bcc73af63d0a1d8b74101"}
}
